<?xml version="1.0" encoding="UTF-8"?>
<!-- Generated by org.testng.reporters.JUnitXMLReporter -->
<testsuite hostname="user-PC" ignored="1" name="Test" tests="3" failures="0" timestamp="18 Dec 2018 03:39:26 GMT" time="0.063" errors="0">
  <testcase name="script1" time="0.012" classname="TestNg.Annotation2"/>
  <testcase name="script2" time="0.003" classname="TestNg.Annotation2"/>
  <testcase name="script3" time="0.002" classname="TestNg.Annotation2"/>
  <testcase name="script4" time="0.0" classname="TestNg.Annotation2">
    <ignored/>
  </testcase> <!-- script4 -->
</testsuite> <!-- Test -->
